<?xml version="1.0" encoding="UTF-8"?>
<robot generator="Robot 3.2.1 (Python 3.7.3 on win32)" generated="20200615 15:33:21.966" rpa="false">
<suite id="s1" name="T1" source="C:\Users\lyz\PycharmProjects\python-0504\day0\t1.robot">
<test id="s1-t1" name="用例1">
<kw name="Log To Console" library="BuiltIn">
<doc>Logs the given message to the console.</doc>
<arguments>
<arg>hello robot</arg>
</arguments>
<status status="PASS" starttime="20200615 15:33:22.080" endtime="20200615 15:33:22.081"></status>
</kw>
<status status="PASS" starttime="20200615 15:33:22.078" endtime="20200615 15:33:22.082" critical="yes"></status>
</test>
<status status="PASS" starttime="20200615 15:33:21.975" endtime="20200615 15:33:22.084"></status>
</suite>
<statistics>
<total>
<stat pass="1" fail="0">Critical Tests</stat>
<stat pass="1" fail="0">All Tests</stat>
</total>
<tag>
</tag>
<suite>
<stat pass="1" fail="0" id="s1" name="T1">T1</stat>
</suite>
</statistics>
<errors>
</errors>
</robot>
